2025-11-15 23:44:19,358 - WARNING - companion.model_utils - Model artifacts incomplete; falling back to rules.
2025-11-15 23:44:19,360 - INFO - companion - Starting CAIGA companion...
2025-11-15 23:44:19,362 - WARNING - companion - state poll error: HTTPConnectionPool(host='localhost', port=8080): Max retries exceeded with url: /state (Caused by NewConnectionError('<urllib3.connection.HTTPConnection object at 0x7f5e862912b0>: Failed to establish a new connection: [Errno 111] Connection refused'))
2025-11-15 23:44:19,364 - INFO - werkzeug - [31m[1mWARNING: This is a development server. Do not use it in a production deployment. Use a production WSGI server instead.[0m
 * Running on all addresses (0.0.0.0)
 * Running on http://127.0.0.1:5000
 * Running on http://172.19.5.53:5000
2025-11-15 23:44:19,364 - INFO - werkzeug - [33mPress CTRL+C to quit[0m
2025-11-15 23:44:37,970 - INFO - werkzeug - 127.0.0.1 - - [15/Nov/2025 23:44:37] "GET /health HTTP/1.1" 200 -
2025-11-15 23:44:41,863 - WARNING - companion - state poll error: HTTPConnectionPool(host='localhost', port=8080): Max retries exceeded with url: /state (Caused by NewConnectionError('<urllib3.connection.HTTPConnection object at 0x7f5e862b8a50>: Failed to establish a new connection: [Errno 111] Connection refused'))
2025-11-15 23:44:49,352 - INFO - werkzeug - 127.0.0.1 - - [15/Nov/2025 23:44:49] "GET /status HTTP/1.1" 200 -
2025-11-15 23:44:52,003 - INFO - werkzeug - 127.0.0.1 - - [15/Nov/2025 23:44:52] "GET /health HTTP/1.1" 200 -
2025-11-15 23:45:01,396 - ERROR - companion - post tip error: HTTPConnectionPool(host='localhost', port=8080): Max retries exceeded with url: /tip (Caused by NewConnectionError('<urllib3.connection.HTTPConnection object at 0x7f5e8621efd0>: Failed to establish a new connection: [Errno 111] Connection refused'))
2025-11-15 23:45:01,396 - INFO - werkzeug - 127.0.0.1 - - [15/Nov/2025 23:45:01] "[35m[1mPOST /tip/force HTTP/1.1[0m" 500 -
2025-11-15 23:45:15,615 - WARNING - companion - state poll error: HTTPConnectionPool(host='localhost', port=8080): Max retries exceeded with url: /state (Caused by NewConnectionError('<urllib3.connection.HTTPConnection object at 0x7f5e862a22c0>: Failed to establish a new connection: [Errno 111] Connection refused'))
2025-11-15 23:45:51,437 - INFO - werkzeug - 127.0.0.1 - - [15/Nov/2025 23:45:51] "POST /tip/force HTTP/1.1" 200 -
2025-11-15 23:47:21,628 - WARNING - companion - state poll error: ('Connection aborted.', ConnectionResetError(104, 'Connection reset by peer'))
2025-11-15 23:47:44,130 - WARNING - companion - state poll error: HTTPConnectionPool(host='localhost', port=8080): Max retries exceeded with url: /state (Caused by NewConnectionError('<urllib3.connection.HTTPConnection object at 0x7f5e862c9ae0>: Failed to establish a new connection: [Errno 111] Connection refused'))
2025-11-15 23:48:17,881 - WARNING - companion - state poll error: HTTPConnectionPool(host='localhost', port=8080): Max retries exceeded with url: /state (Caused by NewConnectionError('<urllib3.connection.HTTPConnection object at 0x7f5e862c9150>: Failed to establish a new connection: [Errno 111] Connection refused'))
2025-11-15 23:49:22,607 - INFO - werkzeug - 127.0.0.1 - - [15/Nov/2025 23:49:22] "POST /tip/force HTTP/1.1" 200 -
2025-11-16 00:00:53,665 - WARNING - companion - state poll error: HTTPConnectionPool(host='localhost', port=8080): Max retries exceeded with url: /state (Caused by NewConnectionError('<urllib3.connection.HTTPConnection object at 0x7f5e862c9590>: Failed to establish a new connection: [Errno 111] Connection refused'))
2025-11-16 00:03:31,240 - WARNING - companion - state poll error: HTTPConnectionPool(host='localhost', port=8080): Max retries exceeded with url: /state (Caused by NewConnectionError('<urllib3.connection.HTTPConnection object at 0x7f5e862c9d00>: Failed to establish a new connection: [Errno 111] Connection refused'))
2025-11-16 00:03:53,741 - WARNING - companion - state poll error: HTTPConnectionPool(host='localhost', port=8080): Max retries exceeded with url: /state (Caused by NewConnectionError('<urllib3.connection.HTTPConnection object at 0x7f5e862c98c0>: Failed to establish a new connection: [Errno 111] Connection refused'))
2025-11-16 00:04:27,493 - WARNING - companion - state poll error: HTTPConnectionPool(host='localhost', port=8080): Max retries exceeded with url: /state (Caused by NewConnectionError('<urllib3.connection.HTTPConnection object at 0x7f5e862c9370>: Failed to establish a new connection: [Errno 111] Connection refused'))
2025-11-16 00:05:18,120 - WARNING - companion - state poll error: HTTPConnectionPool(host='localhost', port=8080): Max retries exceeded with url: /state (Caused by NewConnectionError('<urllib3.connection.HTTPConnection object at 0x7f5e862c9bf0>: Failed to establish a new connection: [Errno 111] Connection refused'))
2025-11-16 00:06:34,059 - WARNING - companion - state poll error: HTTPConnectionPool(host='localhost', port=8080): Max retries exceeded with url: /state (Caused by NewConnectionError('<urllib3.connection.HTTPConnection object at 0x7f5e862c99d0>: Failed to establish a new connection: [Errno 111] Connection refused'))
2025-11-16 00:08:27,966 - WARNING - companion - state poll error: HTTPConnectionPool(host='localhost', port=8080): Max retries exceeded with url: /state (Caused by NewConnectionError('<urllib3.connection.HTTPConnection object at 0x7f5e862c8f30>: Failed to establish a new connection: [Errno 111] Connection refused'))
2025-11-16 00:11:18,827 - WARNING - companion - state poll error: HTTPConnectionPool(host='localhost', port=8080): Max retries exceeded with url: /state (Caused by NewConnectionError('<urllib3.connection.HTTPConnection object at 0x7f5e862c8c00>: Failed to establish a new connection: [Errno 111] Connection refused'))
2025-11-16 00:15:35,117 - WARNING - companion - state poll error: HTTPConnectionPool(host='localhost', port=8080): Max retries exceeded with url: /state (Caused by NewConnectionError('<urllib3.connection.HTTPConnection object at 0x7f5e862c8e20>: Failed to establish a new connection: [Errno 111] Connection refused'))
2025-11-16 00:20:35,119 - WARNING - companion - state poll error: HTTPConnectionPool(host='localhost', port=8080): Max retries exceeded with url: /state (Caused by NewConnectionError('<urllib3.connection.HTTPConnection object at 0x7f5e862c8af0>: Failed to establish a new connection: [Errno 111] Connection refused'))
2025-11-16 00:25:35,120 - WARNING - companion - state poll error: HTTPConnectionPool(host='localhost', port=8080): Max retries exceeded with url: /state (Caused by NewConnectionError('<urllib3.connection.HTTPConnection object at 0x7f5e862c8380>: Failed to establish a new connection: [Errno 111] Connection refused'))
2025-11-16 00:30:35,122 - WARNING - companion - state poll error: HTTPConnectionPool(host='localhost', port=8080): Max retries exceeded with url: /state (Caused by NewConnectionError('<urllib3.connection.HTTPConnection object at 0x7f5e862c87c0>: Failed to establish a new connection: [Errno 111] Connection refused'))
2025-11-16 00:35:35,123 - WARNING - companion - state poll error: HTTPConnectionPool(host='localhost', port=8080): Max retries exceeded with url: /state (Caused by NewConnectionError('<urllib3.connection.HTTPConnection object at 0x7f5e862c86b0>: Failed to establish a new connection: [Errno 111] Connection refused'))
2025-11-16 00:40:35,124 - WARNING - companion - state poll error: HTTPConnectionPool(host='localhost', port=8080): Max retries exceeded with url: /state (Caused by NewConnectionError('<urllib3.connection.HTTPConnection object at 0x7f5e862c97b0>: Failed to establish a new connection: [Errno 111] Connection refused'))
2025-11-16 00:45:35,126 - WARNING - companion - state poll error: HTTPConnectionPool(host='localhost', port=8080): Max retries exceeded with url: /state (Caused by NewConnectionError('<urllib3.connection.HTTPConnection object at 0x7f5e862c97b0>: Failed to establish a new connection: [Errno 111] Connection refused'))
2025-11-16 00:49:27,135 - WARNING - companion.model_utils - Model artifacts incomplete; falling back to rules.
2025-11-16 00:49:27,135 - INFO - companion.tips_dataset - Fetching tips from companion/tips.json...
2025-11-16 00:49:27,136 - WARNING - companion.tips_dataset - Failed to fetch tips from URL: Invalid URL 'companion/tips.json': No scheme supplied. Perhaps you meant https://companion/tips.json?
2025-11-16 00:49:27,137 - INFO - companion.tips_dataset - Loaded tips from fallback default.
2025-11-16 00:49:27,139 - INFO - companion - Starting CAIGA companion...
2025-11-16 00:49:41,254 - WARNING - companion.model_utils - Model artifacts incomplete; falling back to rules.
2025-11-16 00:49:41,254 - INFO - companion.tips_dataset - Fetching tips from companion/tips.json...
2025-11-16 00:49:41,255 - WARNING - companion.tips_dataset - Failed to fetch tips from URL: Invalid URL 'companion/tips.json': No scheme supplied. Perhaps you meant https://companion/tips.json?
2025-11-16 00:49:41,255 - INFO - companion.tips_dataset - Loaded tips from fallback default.
2025-11-16 00:49:41,257 - INFO - companion - Starting CAIGA companion...
2025-11-16 00:50:35,127 - WARNING - companion - state poll error: HTTPConnectionPool(host='localhost', port=8080): Max retries exceeded with url: /state (Caused by NewConnectionError('<urllib3.connection.HTTPConnection object at 0x7f5e862c86b0>: Failed to establish a new connection: [Errno 111] Connection refused'))
2025-11-16 00:55:35,129 - WARNING - companion - state poll error: HTTPConnectionPool(host='localhost', port=8080): Max retries exceeded with url: /state (Caused by NewConnectionError('<urllib3.connection.HTTPConnection object at 0x7f5e862c87c0>: Failed to establish a new connection: [Errno 111] Connection refused'))
2025-11-16 01:00:17,693 - WARNING - companion.model_utils - Model artifacts incomplete; falling back to rules.
2025-11-16 01:00:17,694 - INFO - companion.tips_dataset - Loaded tips from local path: companion/tips.json
2025-11-16 01:00:17,696 - INFO - companion - Starting CAIGA companion...
2025-11-16 01:00:17,699 - WARNING - companion - state poll error: HTTPConnectionPool(host='localhost', port=8080): Max retries exceeded with url: /state (Caused by NewConnectionError('<urllib3.connection.HTTPConnection object at 0x7f4e5a0797f0>: Failed to establish a new connection: [Errno 111] Connection refused'))
2025-11-16 01:00:17,705 - INFO - werkzeug - [31m[1mWARNING: This is a development server. Do not use it in a production deployment. Use a production WSGI server instead.[0m
 * Running on all addresses (0.0.0.0)
 * Running on http://127.0.0.1:5001
 * Running on http://172.19.5.53:5001
2025-11-16 01:00:17,705 - INFO - werkzeug - [33mPress CTRL+C to quit[0m
2025-11-16 01:00:28,201 - WARNING - companion - state poll error: HTTPConnectionPool(host='localhost', port=8080): Max retries exceeded with url: /state (Caused by NewConnectionError('<urllib3.connection.HTTPConnection object at 0x7f4e5a0a8a50>: Failed to establish a new connection: [Errno 111] Connection refused'))
2025-11-16 01:00:35,130 - WARNING - companion - state poll error: HTTPConnectionPool(host='localhost', port=8080): Max retries exceeded with url: /state (Caused by NewConnectionError('<urllib3.connection.HTTPConnection object at 0x7f5e862c8380>: Failed to establish a new connection: [Errno 111] Connection refused'))
2025-11-16 01:00:43,953 - WARNING - companion - state poll error: HTTPConnectionPool(host='localhost', port=8080): Max retries exceeded with url: /state (Caused by NewConnectionError('<urllib3.connection.HTTPConnection object at 0x7f4e5a003b10>: Failed to establish a new connection: [Errno 111] Connection refused'))
2025-11-16 01:01:07,579 - WARNING - companion - state poll error: HTTPConnectionPool(host='localhost', port=8080): Max retries exceeded with url: /state (Caused by NewConnectionError('<urllib3.connection.HTTPConnection object at 0x7f4e5a0863f0>: Failed to establish a new connection: [Errno 111] Connection refused'))
2025-11-16 01:08:29,207 - WARNING - companion - state poll error: HTTPConnectionPool(host='localhost', port=8080): Max retries exceeded with url: /state (Caused by NewConnectionError('<urllib3.connection.HTTPConnection object at 0x7f4e5a0bd8c0>: Failed to establish a new connection: [Errno 111] Connection refused'))
2025-11-16 01:08:35,166 - WARNING - companion - state poll error: HTTPConnectionPool(host='localhost', port=8080): Max retries exceeded with url: /state (Caused by NewConnectionError('<urllib3.connection.HTTPConnection object at 0x7f5e862c8af0>: Failed to establish a new connection: [Errno 111] Connection refused'))
2025-11-16 01:08:39,709 - WARNING - companion - state poll error: HTTPConnectionPool(host='localhost', port=8080): Max retries exceeded with url: /state (Caused by NewConnectionError('<urllib3.connection.HTTPConnection object at 0x7f4e5a0bdbf0>: Failed to establish a new connection: [Errno 111] Connection refused'))
2025-11-16 01:08:55,460 - WARNING - companion - state poll error: HTTPConnectionPool(host='localhost', port=8080): Max retries exceeded with url: /state (Caused by NewConnectionError('<urllib3.connection.HTTPConnection object at 0x7f4e5a0bdae0>: Failed to establish a new connection: [Errno 111] Connection refused'))
2025-11-16 01:08:57,668 - WARNING - companion - state poll error: HTTPConnectionPool(host='localhost', port=8080): Max retries exceeded with url: /state (Caused by NewConnectionError('<urllib3.connection.HTTPConnection object at 0x7f5e862c8e20>: Failed to establish a new connection: [Errno 111] Connection refused'))
